# JRE version: OpenJDK Runtime Environment (11.0.12+7) (build 11.0.12+7-b1504.28-7817840)
# Java VM: OpenJDK 64-Bit Server VM (11.0.12+7-b1504.28-7817840, mixed mode, tiered, compressed oops, g1 gc, windows-amd64)
Heap:
 garbage-first heap   total 319488K, used 254586K [0x0000000080000000, 0x0000000100000000)
  region size 1024K, 6 young (6144K), 4 survivors (4096K)
 Metaspace       used 166740K, capacity 171742K, committed 171992K, reserved 1198080K
  class space    used 20505K, capacity 22398K, committed 22488K, reserved 1048576K
GC Heap History (20 events):
Event: 1321.325 GC heap before
{Heap before GC invocations=100 (full 0):
 garbage-first heap   total 319488K, used 272824K [0x0000000080000000, 0x0000000100000000)
  region size 1024K, 46 young (47104K), 4 survivors (4096K)
 Metaspace       used 157028K, capacity 161716K, committed 161752K, reserved 1189888K
  class space    used 19452K, capacity 21198K, committed 21208K, reserved 1048576K
}
Event: 1321.334 GC heap after
{Heap after GC invocations=101 (full 0):
 garbage-first heap   total 319488K, used 231591K [0x0000000080000000, 0x0000000100000000)
  region size 1024K, 4 young (4096K), 4 survivors (4096K)
 Metaspace       used 157028K, capacity 161716K, committed 161752K, reserved 1189888K
  class space    used 19452K, capacity 21198K, committed 21208K, reserved 1048576K
}
Event: 1321.794 GC heap before
{Heap before GC invocations=101 (full 0):
 garbage-first heap   total 319488K, used 275623K [0x0000000080000000, 0x0000000100000000)
  region size 1024K, 46 young (47104K), 4 survivors (4096K)
 Metaspace       used 157303K, capacity 162050K, committed 162264K, reserved 1189888K
  class space    used 19452K, capacity 21198K, committed 21208K, reserved 1048576K
}
Event: 1321.812 GC heap after
{Heap after GC invocations=102 (full 0):
 garbage-first heap   total 319488K, used 239315K [0x0000000080000000, 0x0000000100000000)
  region size 1024K, 6 young (6144K), 6 survivors (6144K)
 Metaspace       used 157303K, capacity 162050K, committed 162264K, reserved 1189888K
  class space    used 19452K, capacity 21198K, committed 21208K, reserved 1048576K
}
Event: 1322.355 GC heap before
{Heap before GC invocations=102 (full 0):
 garbage-first heap   total 319488K, used 274131K [0x0000000080000000, 0x0000000100000000)
  region size 1024K, 40 young (40960K), 6 survivors (6144K)
 Metaspace       used 157537K, capacity 162268K, committed 162520K, reserved 1189888K
  class space    used 19452K, capacity 21198K, committed 21208K, reserved 1048576K
}
Event: 1322.374 GC heap after
{Heap after GC invocations=103 (full 0):
 garbage-first heap   total 319488K, used 242786K [0x0000000080000000, 0x0000000100000000)
  region size 1024K, 5 young (5120K), 5 survivors (5120K)
 Metaspace       used 157537K, capacity 162268K, committed 162520K, reserved 1189888K
  class space    used 19452K, capacity 21198K, committed 21208K, reserved 1048576K
}
Event: 1324.008 GC heap before
{Heap before GC invocations=103 (full 0):
 garbage-first heap   total 319488K, used 291938K [0x0000000080000000, 0x0000000100000000)
  region size 1024K, 36 young (36864K), 5 survivors (5120K)
 Metaspace       used 157685K, capacity 162367K, committed 162520K, reserved 1189888K
  class space    used 19454K, capacity 21201K, committed 21208K, reserved 1048576K
}
Event: 1324.017 GC heap after
{Heap after GC invocations=104 (full 0):
 garbage-first heap   total 319488K, used 239777K [0x0000000080000000, 0x0000000100000000)
  region size 1024K, 1 young (1024K), 1 survivors (1024K)
 Metaspace       used 157685K, capacity 162367K, committed 162520K, reserved 1189888K
  class space    used 19454K, capacity 21201K, committed 21208K, reserved 1048576K
}
Event: 1330.570 GC heap before
{Heap before GC invocations=104 (full 0):
 garbage-first heap   total 319488K, used 274593K [0x0000000080000000, 0x0000000100000000)
  region size 1024K, 36 young (36864K), 1 survivors (1024K)
 Metaspace       used 157805K, capacity 162491K, committed 162648K, reserved 1189888K
  class space    used 19460K, capacity 21213K, committed 21336K, reserved 1048576K
}
Event: 1330.578 GC heap after
{Heap after GC invocations=105 (full 0):
 garbage-first heap   total 319488K, used 243098K [0x0000000080000000, 0x0000000100000000)
  region size 1024K, 4 young (4096K), 4 survivors (4096K)
 Metaspace       used 157805K, capacity 162491K, committed 162648K, reserved 1189888K
  class space    used 19460K, capacity 21213K, committed 21336K, reserved 1048576K
}
Event: 1331.163 GC heap before
{Heap before GC invocations=105 (full 0):
 garbage-first heap   total 319488K, used 275866K [0x0000000080000000, 0x0000000100000000)
  region size 1024K, 37 young (37888K), 4 survivors (4096K)
 Metaspace       used 157969K, capacity 162810K, committed 163160K, reserved 1191936K
  class space    used 19468K, capacity 21228K, committed 21336K, reserved 1048576K
}
Event: 1331.178 GC heap after
{Heap after GC invocations=106 (full 0):
 garbage-first heap   total 319488K, used 246837K [0x0000000080000000, 0x0000000100000000)
  region size 1024K, 4 young (4096K), 4 survivors (4096K)
 Metaspace       used 157969K, capacity 162810K, committed 163160K, reserved 1191936K
  class space    used 19468K, capacity 21228K, committed 21336K, reserved 1048576K
}
Event: 1625.219 GC heap before
{Heap before GC invocations=106 (full 0):
 garbage-first heap   total 319488K, used 276533K [0x0000000080000000, 0x0000000100000000)
  region size 1024K, 33 young (33792K), 4 survivors (4096K)
 Metaspace       used 158280K, capacity 163194K, committed 163544K, reserved 1191936K
  class space    used 19527K, capacity 21357K, committed 21464K, reserved 1048576K
}
Event: 1625.235 GC heap after
{Heap after GC invocations=107 (full 0):
 garbage-first heap   total 319488K, used 248145K [0x0000000080000000, 0x0000000100000000)
  region size 1024K, 2 young (2048K), 2 survivors (2048K)
 Metaspace       used 158280K, capacity 163194K, committed 163544K, reserved 1191936K
  class space    used 19527K, capacity 21357K, committed 21464K, reserved 1048576K
}
Event: 2774.273 GC heap before
{Heap before GC invocations=107 (full 0):
 garbage-first heap   total 319488K, used 277841K [0x0000000080000000, 0x0000000100000000)
  region size 1024K, 31 young (31744K), 2 survivors (2048K)
 Metaspace       used 158324K, capacity 163261K, committed 163544K, reserved 1191936K
  class space    used 19527K, capacity 21357K, committed 21464K, reserved 1048576K
}
Event: 2774.279 GC heap after
{Heap after GC invocations=108 (full 0):
 garbage-first heap   total 319488K, used 247987K [0x0000000080000000, 0x0000000100000000)
  region size 1024K, 2 young (2048K), 2 survivors (2048K)
 Metaspace       used 158324K, capacity 163261K, committed 163544K, reserved 1191936K
  class space    used 19527K, capacity 21357K, committed 21464K, reserved 1048576K
}
Event: 2785.267 GC heap before
{Heap before GC invocations=108 (full 0):
 garbage-first heap   total 319488K, used 277683K [0x0000000080000000, 0x0000000100000000)
  region size 1024K, 32 young (32768K), 2 survivors (2048K)
 Metaspace       used 158502K, capacity 163483K, committed 163544K, reserved 1191936K
  class space    used 19556K, capacity 21413K, committed 21464K, reserved 1048576K
}
Event: 2785.275 GC heap after
{Heap after GC invocations=109 (full 0):
 garbage-first heap   total 319488K, used 249958K [0x0000000080000000, 0x0000000100000000)
  region size 1024K, 4 young (4096K), 4 survivors (4096K)
 Metaspace       used 158502K, capacity 163483K, committed 163544K, reserved 1191936K
  class space    used 19556K, capacity 21413K, committed 21464K, reserved 1048576K
}
Event: 2787.164 GC heap before
{Heap before GC invocations=109 (full 0):
 garbage-first heap   total 319488K, used 278630K [0x0000000080000000, 0x0000000100000000)
  region size 1024K, 33 young (33792K), 4 survivors (4096K)
 Metaspace       used 163697K, capacity 168749K, committed 168792K, reserved 1196032K
  class space    used 20175K, capacity 22062K, committed 22104K, reserved 1048576K
}
Event: 2787.173 GC heap after
{Heap after GC invocations=110 (full 0):
 garbage-first heap   total 319488K, used 250810K [0x0000000080000000, 0x0000000100000000)
  region size 1024K, 4 young (4096K), 4 survivors (4096K)
 Metaspace       used 163697K, capacity 168749K, committed 168792K, reserved 1196032K
  class space    used 20175K, capacity 22062K, committed 22104K, reserved 1048576K
}

